<?xml version="1.0" encoding="UTF-8"?>
<!-- Generated by org.testng.reporters.JUnitXMLReporter -->
<testsuite ignored="0" hostname="Loving-Husband" failures="1" tests="2" name="Surefire test" time="57.03" errors="0" timestamp="2023-09-09T22:46:50 EET">
  <testcase classname="tests.FirstTestCase" name="clickViews" time="19.437">
    <failure type="java.lang.AssertionError" message="phone number text box takes text Assertion expected [] but found [rgrgrg]">
      <![CDATA[java.lang.AssertionError: phone number text box takes text Assertion expected [] but found [rgrgrg]
at Pages.RegistrationPage.writePhoneNumber(RegistrationPage.java:53)
at Pages.RegistrationPage.userRegistration(RegistrationPage.java:70)
at tests.FirstTestCase.clickViews(FirstTestCase.java:36)
at java.base/java.util.ArrayList.forEach(ArrayList.java:1511)
... Removed 35 stack frames]]>
    </failure>
  </testcase> <!-- clickViews -->
  <testcase classname="tests.FirstTestCase" name="clickViews" time="19.59"/>
</testsuite> <!-- Surefire test -->
