<?xml version="1.0" encoding="UTF-8"?>
<testsuite xmlns:xsi="http://www.w3.org/2001/XMLSchema-instance" xsi:noNamespaceSchemaLocation="https://maven.apache.org/surefire/maven-surefire-plugin/xsd/surefire-test-report.xsd" name="TestSuite" time="57.762" tests="2" errors="0" skipped="0" failures="1">
  <properties>
[...]
</properties>
  <testcase name="clickViews" classname="tests.FirstTestCase" time="19.447">
    <failure message="phone number text box takes text Assertion expected [] but found [rgrgrg]" type="java.lang.AssertionError">java.lang.AssertionError: phone number text box takes text Assertion expected [] but found [rgrgrg]
	at tests.FirstTestCase.clickViews(FirstTestCase.java:36)
</failure>
    <system-out><![CDATA[rgrgrg
]]></system-out>
    <system-err><![CDATA[SLF4J: Failed to load class "org.slf4j.impl.StaticLoggerBinder".
SLF4J: Defaulting to no-operation (NOP) logger implementation
SLF4J: See http://www.slf4j.org/codes.html#StaticLoggerBinder for further details.
]]></system-err>
  </testcase>
  <testcase name="clickViews" classname="tests.FirstTestCase" time="19.59"/>
</testsuite>